d:\github\openglproject\x64\debug\vc143.pdb
d:\github\openglproject\x64\debug\vc143.idb
d:\github\openglproject\x64\debug\vbo.obj
d:\github\openglproject\x64\debug\vao.obj
d:\github\openglproject\x64\debug\texture.obj
d:\github\openglproject\x64\debug\shader.obj
d:\github\openglproject\x64\debug\rubikscubemodel.obj
d:\github\openglproject\x64\debug\rubicscubemove.obj
d:\github\openglproject\x64\debug\main.obj
d:\github\openglproject\x64\debug\gl_init.obj
d:\github\openglproject\x64\debug\ebo.obj
d:\github\openglproject\x64\debug\application.obj
d:\github\openglproject\x64\debug\glad.obj
d:\github\openglproject\x64\debug\firstopengl.exe
d:\github\openglproject\x64\debug\firstopengl.ilk
d:\github\openglproject\x64\debug\firstopengl.pdb
d:\github\openglproject\x64\debug\firstopengl.tlog\cl.command.1.tlog
d:\github\openglproject\x64\debug\firstopengl.tlog\cl.read.1.tlog
d:\github\openglproject\x64\debug\firstopengl.tlog\cl.write.1.tlog
d:\github\openglproject\x64\debug\firstopengl.tlog\link.command.1.tlog
d:\github\openglproject\x64\debug\firstopengl.tlog\link.read.1.tlog
d:\github\openglproject\x64\debug\firstopengl.tlog\link.write.1.tlog
